<?xml version="1.0" encoding="UTF-8"?>
<!-- Generated by org.testng.reporters.JUnitReportReporter -->
<testsuite skipped="0" hostname="DESKTOP-7ELK956"
	name="com.tekskills.erp_portal.testScripts.TC001_testLogin" tests="1"
	failures="0" timestamp="29 Jan 2018 02:29:16 GMT" time="8.116" errors="0">
	<testcase name="testLogin" time="8.116"
		classname="com.tekskills.erp_portal.testScripts.TC001_testLogin" />
</testsuite> <!-- com.tekskills.erp_portal.testScripts.TC001_testLogin -->
